<?xml version="1.0" encoding="UTF-8"?>
<testng-results ignored="0" total="24" passed="22" failed="2" skipped="0">
  <reporter-output>
  </reporter-output>
  <suite started-at="2021-04-01T15:11:57Z" name="postage-calculator-module" finished-at="2021-04-01T15:12:30Z" duration-ms="33435">
    <groups>
    </groups>
    <test started-at="2021-04-01T15:11:57Z" name="package-size-small-chrome" finished-at="2021-04-01T15:12:02Z" duration-ms="5582">
      <class name="com.usps.tests.PostageCalculatorTest">
        <test-method is-config="true" signature="setup(java.lang.String)[pri:0, instance:com.usps.tests.PostageCalculatorTest@6ec8211c]" started-at="2021-04-01T15:11:57Z" name="setup" finished-at="2021-04-01T15:11:58Z" duration-ms="1435" status="PASS">
          <params>
            <param index="0">
              <value>
                <![CDATA[chrome]]>
              </value>
            </param>
          </params>
          <reporter-output>
          </reporter-output>
        </test-method> <!-- setup -->
        <test-method is-config="true" signature="setupParameters(java.lang.String, java.lang.String, java.lang.String)[pri:0, instance:com.usps.tests.PostageCalculatorTest@6ec8211c]" started-at="2021-04-01T15:11:58Z" name="setupParameters" finished-at="2021-04-01T15:11:58Z" depends-on-methods="com.tests.BaseTest.setup" duration-ms="0" status="PASS">
          <params>
            <param index="0">
              <value>
                <![CDATA[16]]>
              </value>
            </param>
            <param index="1">
              <value>
                <![CDATA[12]]>
              </value>
            </param>
            <param index="2">
              <value>
                <![CDATA[12]]>
              </value>
            </param>
          </params>
          <reporter-output>
          </reporter-output>
        </test-method> <!-- setupParameters -->
        <test-method signature="destinationPackagePage()[pri:0, instance:com.usps.tests.PostageCalculatorTest@6ec8211c]" started-at="2021-04-01T15:11:58Z" name="destinationPackagePage" finished-at="2021-04-01T15:12:00Z" duration-ms="1841" status="PASS">
          <reporter-output>
          </reporter-output>
        </test-method> <!-- destinationPackagePage -->
        <test-method is-config="true" signature="takeScreenShotOnFailure(org.testng.ITestResult)[pri:0, instance:com.usps.tests.PostageCalculatorTest@6ec8211c]" started-at="2021-04-01T15:12:00Z" name="takeScreenShotOnFailure" finished-at="2021-04-01T15:12:00Z" duration-ms="0" status="PASS">
          <params>
            <param index="0">
              <value>
                <![CDATA[[TestResult name=destinationPackagePage status=SUCCESS method=PostageCalculatorTest.destinationPackagePage()[pri:0, instance:com.usps.tests.PostageCalculatorTest@6ec8211c] output={null}]]]>
              </value>
            </param>
          </params>
          <reporter-output>
          </reporter-output>
        </test-method> <!-- takeScreenShotOnFailure -->
        <test-method signature="packageWeightPage()[pri:0, instance:com.usps.tests.PostageCalculatorTest@6ec8211c]" started-at="2021-04-01T15:12:00Z" name="packageWeightPage" finished-at="2021-04-01T15:12:00Z" depends-on-methods="com.usps.tests.PostageCalculatorTest.destinationPackagePage" duration-ms="638" status="PASS">
          <reporter-output>
          </reporter-output>
        </test-method> <!-- packageWeightPage -->
        <test-method is-config="true" signature="takeScreenShotOnFailure(org.testng.ITestResult)[pri:0, instance:com.usps.tests.PostageCalculatorTest@6ec8211c]" started-at="2021-04-01T15:12:00Z" name="takeScreenShotOnFailure" finished-at="2021-04-01T15:12:00Z" duration-ms="1" status="PASS">
          <params>
            <param index="0">
              <value>
                <![CDATA[[TestResult name=packageWeightPage status=SUCCESS method=PostageCalculatorTest.packageWeightPage()[pri:0, instance:com.usps.tests.PostageCalculatorTest@6ec8211c] output={null}]]]>
              </value>
            </param>
          </params>
          <reporter-output>
          </reporter-output>
        </test-method> <!-- takeScreenShotOnFailure -->
        <test-method signature="packagePropertiesPage()[pri:0, instance:com.usps.tests.PostageCalculatorTest@6ec8211c]" started-at="2021-04-01T15:12:00Z" name="packagePropertiesPage" finished-at="2021-04-01T15:12:01Z" depends-on-methods="com.usps.tests.PostageCalculatorTest.packageWeightPage" duration-ms="917" status="PASS">
          <reporter-output>
          </reporter-output>
        </test-method> <!-- packagePropertiesPage -->
        <test-method signature="mailServicesOptionsPrices()[pri:0, instance:com.usps.tests.PostageCalculatorTest@6ec8211c]" started-at="2021-04-01T15:12:01Z" name="mailServicesOptionsPrices" finished-at="2021-04-01T15:12:02Z" depends-on-methods="com.usps.tests.PostageCalculatorTest.packagePropertiesPage" duration-ms="638" status="PASS">
          <reporter-output>
          </reporter-output>
        </test-method> <!-- mailServicesOptionsPrices -->
        <test-method is-config="true" signature="takeScreenShotOnFailure(org.testng.ITestResult)[pri:0, instance:com.usps.tests.PostageCalculatorTest@6ec8211c]" started-at="2021-04-01T15:12:01Z" name="takeScreenShotOnFailure" finished-at="2021-04-01T15:12:01Z" duration-ms="0" status="PASS">
          <params>
            <param index="0">
              <value>
                <![CDATA[[TestResult name=packagePropertiesPage status=SUCCESS method=PostageCalculatorTest.packagePropertiesPage()[pri:0, instance:com.usps.tests.PostageCalculatorTest@6ec8211c] output={null}]]]>
              </value>
            </param>
          </params>
          <reporter-output>
          </reporter-output>
        </test-method> <!-- takeScreenShotOnFailure -->
        <test-method is-config="true" signature="takeScreenShotOnFailure(org.testng.ITestResult)[pri:0, instance:com.usps.tests.PostageCalculatorTest@6ec8211c]" started-at="2021-04-01T15:12:02Z" name="takeScreenShotOnFailure" finished-at="2021-04-01T15:12:02Z" duration-ms="1" status="PASS">
          <params>
            <param index="0">
              <value>
                <![CDATA[[TestResult name=mailServicesOptionsPrices status=SUCCESS method=PostageCalculatorTest.mailServicesOptionsPrices()[pri:0, instance:com.usps.tests.PostageCalculatorTest@6ec8211c] output={null}]]]>
              </value>
            </param>
          </params>
          <reporter-output>
          </reporter-output>
        </test-method> <!-- takeScreenShotOnFailure -->
        <test-method is-config="true" signature="quitBrowser()[pri:0, instance:com.usps.tests.PostageCalculatorTest@6ec8211c]" started-at="2021-04-01T15:12:02Z" name="quitBrowser" finished-at="2021-04-01T15:12:02Z" duration-ms="101" status="PASS">
          <reporter-output>
          </reporter-output>
        </test-method> <!-- quitBrowser -->
      </class> <!-- com.usps.tests.PostageCalculatorTest -->
    </test> <!-- package-size-small-chrome -->
    <test started-at="2021-04-01T15:12:02Z" name="package-size-medium-chrome" finished-at="2021-04-01T15:12:07Z" duration-ms="5075">
      <class name="com.usps.tests.PostageCalculatorTest">
        <test-method is-config="true" signature="setup(java.lang.String)[pri:0, instance:com.usps.tests.PostageCalculatorTest@376b4233]" started-at="2021-04-01T15:12:02Z" name="setup" finished-at="2021-04-01T15:12:03Z" duration-ms="901" status="PASS">
          <params>
            <param index="0">
              <value>
                <![CDATA[chrome]]>
              </value>
            </param>
          </params>
          <reporter-output>
          </reporter-output>
        </test-method> <!-- setup -->
        <test-method is-config="true" signature="setupParameters(java.lang.String, java.lang.String, java.lang.String)[pri:0, instance:com.usps.tests.PostageCalculatorTest@376b4233]" started-at="2021-04-01T15:12:03Z" name="setupParameters" finished-at="2021-04-01T15:12:03Z" depends-on-methods="com.tests.BaseTest.setup" duration-ms="1" status="PASS">
          <params>
            <param index="0">
              <value>
                <![CDATA[22]]>
              </value>
            </param>
            <param index="1">
              <value>
                <![CDATA[16]]>
              </value>
            </param>
            <param index="2">
              <value>
                <![CDATA[15]]>
              </value>
            </param>
          </params>
          <reporter-output>
          </reporter-output>
        </test-method> <!-- setupParameters -->
        <test-method signature="destinationPackagePage()[pri:0, instance:com.usps.tests.PostageCalculatorTest@376b4233]" started-at="2021-04-01T15:12:03Z" name="destinationPackagePage" finished-at="2021-04-01T15:12:05Z" duration-ms="1815" status="PASS">
          <reporter-output>
          </reporter-output>
        </test-method> <!-- destinationPackagePage -->
        <test-method is-config="true" signature="takeScreenShotOnFailure(org.testng.ITestResult)[pri:0, instance:com.usps.tests.PostageCalculatorTest@376b4233]" started-at="2021-04-01T15:12:05Z" name="takeScreenShotOnFailure" finished-at="2021-04-01T15:12:05Z" duration-ms="1" status="PASS">
          <params>
            <param index="0">
              <value>
                <![CDATA[[TestResult name=destinationPackagePage status=SUCCESS method=PostageCalculatorTest.destinationPackagePage()[pri:0, instance:com.usps.tests.PostageCalculatorTest@376b4233] output={null}]]]>
              </value>
            </param>
          </params>
          <reporter-output>
          </reporter-output>
        </test-method> <!-- takeScreenShotOnFailure -->
        <test-method signature="packageWeightPage()[pri:0, instance:com.usps.tests.PostageCalculatorTest@376b4233]" started-at="2021-04-01T15:12:05Z" name="packageWeightPage" finished-at="2021-04-01T15:12:06Z" depends-on-methods="com.usps.tests.PostageCalculatorTest.destinationPackagePage" duration-ms="662" status="PASS">
          <reporter-output>
          </reporter-output>
        </test-method> <!-- packageWeightPage -->
        <test-method is-config="true" signature="takeScreenShotOnFailure(org.testng.ITestResult)[pri:0, instance:com.usps.tests.PostageCalculatorTest@376b4233]" started-at="2021-04-01T15:12:06Z" name="takeScreenShotOnFailure" finished-at="2021-04-01T15:12:06Z" duration-ms="1" status="PASS">
          <params>
            <param index="0">
              <value>
                <![CDATA[[TestResult name=packageWeightPage status=SUCCESS method=PostageCalculatorTest.packageWeightPage()[pri:0, instance:com.usps.tests.PostageCalculatorTest@376b4233] output={null}]]]>
              </value>
            </param>
          </params>
          <reporter-output>
          </reporter-output>
        </test-method> <!-- takeScreenShotOnFailure -->
        <test-method signature="packagePropertiesPage()[pri:0, instance:com.usps.tests.PostageCalculatorTest@376b4233]" started-at="2021-04-01T15:12:06Z" name="packagePropertiesPage" finished-at="2021-04-01T15:12:07Z" depends-on-methods="com.usps.tests.PostageCalculatorTest.packageWeightPage" duration-ms="963" status="PASS">
          <reporter-output>
          </reporter-output>
        </test-method> <!-- packagePropertiesPage -->
        <test-method is-config="true" signature="takeScreenShotOnFailure(org.testng.ITestResult)[pri:0, instance:com.usps.tests.PostageCalculatorTest@376b4233]" started-at="2021-04-01T15:12:07Z" name="takeScreenShotOnFailure" finished-at="2021-04-01T15:12:07Z" duration-ms="0" status="PASS">
          <params>
            <param index="0">
              <value>
                <![CDATA[[TestResult name=packagePropertiesPage status=SUCCESS method=PostageCalculatorTest.packagePropertiesPage()[pri:0, instance:com.usps.tests.PostageCalculatorTest@376b4233] output={null}]]]>
              </value>
            </param>
          </params>
          <reporter-output>
          </reporter-output>
        </test-method> <!-- takeScreenShotOnFailure -->
        <test-method signature="mailServicesOptionsPrices()[pri:0, instance:com.usps.tests.PostageCalculatorTest@376b4233]" started-at="2021-04-01T15:12:07Z" name="mailServicesOptionsPrices" finished-at="2021-04-01T15:12:07Z" depends-on-methods="com.usps.tests.PostageCalculatorTest.packagePropertiesPage" duration-ms="638" status="PASS">
          <reporter-output>
          </reporter-output>
        </test-method> <!-- mailServicesOptionsPrices -->
        <test-method is-config="true" signature="takeScreenShotOnFailure(org.testng.ITestResult)[pri:0, instance:com.usps.tests.PostageCalculatorTest@376b4233]" started-at="2021-04-01T15:12:07Z" name="takeScreenShotOnFailure" finished-at="2021-04-01T15:12:07Z" duration-ms="0" status="PASS">
          <params>
            <param index="0">
              <value>
                <![CDATA[[TestResult name=mailServicesOptionsPrices status=SUCCESS method=PostageCalculatorTest.mailServicesOptionsPrices()[pri:0, instance:com.usps.tests.PostageCalculatorTest@376b4233] output={null}]]]>
              </value>
            </param>
          </params>
          <reporter-output>
          </reporter-output>
        </test-method> <!-- takeScreenShotOnFailure -->
        <test-method is-config="true" signature="quitBrowser()[pri:0, instance:com.usps.tests.PostageCalculatorTest@376b4233]" started-at="2021-04-01T15:12:07Z" name="quitBrowser" finished-at="2021-04-01T15:12:07Z" duration-ms="91" status="PASS">
          <reporter-output>
          </reporter-output>
        </test-method> <!-- quitBrowser -->
      </class> <!-- com.usps.tests.PostageCalculatorTest -->
    </test> <!-- package-size-medium-chrome -->
    <test started-at="2021-04-01T15:12:07Z" name="package-size-large-chrome" finished-at="2021-04-01T15:12:14Z" duration-ms="6470">
      <class name="com.usps.tests.PostageCalculatorTest">
        <test-method is-config="true" signature="setup(java.lang.String)[pri:0, instance:com.usps.tests.PostageCalculatorTest@6dde5c8c]" started-at="2021-04-01T15:12:07Z" name="setup" finished-at="2021-04-01T15:12:08Z" duration-ms="953" status="PASS">
          <params>
            <param index="0">
              <value>
                <![CDATA[chrome]]>
              </value>
            </param>
          </params>
          <reporter-output>
          </reporter-output>
        </test-method> <!-- setup -->
        <test-method signature="destinationPackagePage()[pri:0, instance:com.usps.tests.PostageCalculatorTest@6dde5c8c]" started-at="2021-04-01T15:12:08Z" name="destinationPackagePage" finished-at="2021-04-01T15:12:11Z" duration-ms="2704" status="PASS">
          <reporter-output>
          </reporter-output>
        </test-method> <!-- destinationPackagePage -->
        <test-method is-config="true" signature="setupParameters(java.lang.String, java.lang.String, java.lang.String)[pri:0, instance:com.usps.tests.PostageCalculatorTest@6dde5c8c]" started-at="2021-04-01T15:12:08Z" name="setupParameters" finished-at="2021-04-01T15:12:08Z" depends-on-methods="com.tests.BaseTest.setup" duration-ms="0" status="PASS">
          <params>
            <param index="0">
              <value>
                <![CDATA[28]]>
              </value>
            </param>
            <param index="1">
              <value>
                <![CDATA[15]]>
              </value>
            </param>
            <param index="2">
              <value>
                <![CDATA[16]]>
              </value>
            </param>
          </params>
          <reporter-output>
          </reporter-output>
        </test-method> <!-- setupParameters -->
        <test-method is-config="true" signature="takeScreenShotOnFailure(org.testng.ITestResult)[pri:0, instance:com.usps.tests.PostageCalculatorTest@6dde5c8c]" started-at="2021-04-01T15:12:11Z" name="takeScreenShotOnFailure" finished-at="2021-04-01T15:12:11Z" duration-ms="1" status="PASS">
          <params>
            <param index="0">
              <value>
                <![CDATA[[TestResult name=destinationPackagePage status=SUCCESS method=PostageCalculatorTest.destinationPackagePage()[pri:0, instance:com.usps.tests.PostageCalculatorTest@6dde5c8c] output={null}]]]>
              </value>
            </param>
          </params>
          <reporter-output>
          </reporter-output>
        </test-method> <!-- takeScreenShotOnFailure -->
        <test-method signature="packageWeightPage()[pri:0, instance:com.usps.tests.PostageCalculatorTest@6dde5c8c]" started-at="2021-04-01T15:12:11Z" name="packageWeightPage" finished-at="2021-04-01T15:12:12Z" depends-on-methods="com.usps.tests.PostageCalculatorTest.destinationPackagePage" duration-ms="624" status="PASS">
          <reporter-output>
          </reporter-output>
        </test-method> <!-- packageWeightPage -->
        <test-method is-config="true" signature="takeScreenShotOnFailure(org.testng.ITestResult)[pri:0, instance:com.usps.tests.PostageCalculatorTest@6dde5c8c]" started-at="2021-04-01T15:12:12Z" name="takeScreenShotOnFailure" finished-at="2021-04-01T15:12:12Z" duration-ms="0" status="PASS">
          <params>
            <param index="0">
              <value>
                <![CDATA[[TestResult name=packageWeightPage status=SUCCESS method=PostageCalculatorTest.packageWeightPage()[pri:0, instance:com.usps.tests.PostageCalculatorTest@6dde5c8c] output={null}]]]>
              </value>
            </param>
          </params>
          <reporter-output>
          </reporter-output>
        </test-method> <!-- takeScreenShotOnFailure -->
        <test-method signature="packagePropertiesPage()[pri:0, instance:com.usps.tests.PostageCalculatorTest@6dde5c8c]" started-at="2021-04-01T15:12:12Z" name="packagePropertiesPage" finished-at="2021-04-01T15:12:12Z" depends-on-methods="com.usps.tests.PostageCalculatorTest.packageWeightPage" duration-ms="872" status="PASS">
          <reporter-output>
          </reporter-output>
        </test-method> <!-- packagePropertiesPage -->
        <test-method is-config="true" signature="takeScreenShotOnFailure(org.testng.ITestResult)[pri:0, instance:com.usps.tests.PostageCalculatorTest@6dde5c8c]" started-at="2021-04-01T15:12:12Z" name="takeScreenShotOnFailure" finished-at="2021-04-01T15:12:12Z" duration-ms="1" status="PASS">
          <params>
            <param index="0">
              <value>
                <![CDATA[[TestResult name=packagePropertiesPage status=SUCCESS method=PostageCalculatorTest.packagePropertiesPage()[pri:0, instance:com.usps.tests.PostageCalculatorTest@6dde5c8c] output={null}]]]>
              </value>
            </param>
          </params>
          <reporter-output>
          </reporter-output>
        </test-method> <!-- takeScreenShotOnFailure -->
        <test-method signature="mailServicesOptionsPrices()[pri:0, instance:com.usps.tests.PostageCalculatorTest@6dde5c8c]" started-at="2021-04-01T15:12:12Z" name="mailServicesOptionsPrices" finished-at="2021-04-01T15:12:13Z" depends-on-methods="com.usps.tests.PostageCalculatorTest.packagePropertiesPage" duration-ms="594" status="FAIL">
          <exception class="java.lang.AssertionError">
            <message>
              <![CDATA[expected [true] but found [false]]]>
            </message>
            <full-stacktrace>
              <![CDATA[java.lang.AssertionError: expected [true] but found [false]
at org.testng.Assert.fail(Assert.java:96)
at org.testng.Assert.failNotEquals(Assert.java:776)
at org.testng.Assert.assertTrue(Assert.java:44)
at org.testng.Assert.assertTrue(Assert.java:54)
at com.usps.tests.PostageCalculatorTest.mailServicesOptionsPrices(PostageCalculatorTest.java:58)
at java.base/jdk.internal.reflect.NativeMethodAccessorImpl.invoke0(Native Method)
at java.base/jdk.internal.reflect.NativeMethodAccessorImpl.invoke(NativeMethodAccessorImpl.java:62)
at java.base/jdk.internal.reflect.DelegatingMethodAccessorImpl.invoke(DelegatingMethodAccessorImpl.java:43)
at java.base/java.lang.reflect.Method.invoke(Method.java:564)
at org.testng.internal.MethodInvocationHelper.invokeMethod(MethodInvocationHelper.java:124)
at org.testng.internal.Invoker.invokeMethod(Invoker.java:583)
at org.testng.internal.Invoker.invokeTestMethod(Invoker.java:719)
at org.testng.internal.Invoker.invokeTestMethods(Invoker.java:989)
at org.testng.internal.TestMethodWorker.invokeTestMethods(TestMethodWorker.java:125)
at org.testng.internal.TestMethodWorker.run(TestMethodWorker.java:109)
at org.testng.TestRunner.privateRun(TestRunner.java:648)
at org.testng.TestRunner.run(TestRunner.java:505)
at org.testng.SuiteRunner.runTest(SuiteRunner.java:455)
at org.testng.SuiteRunner.runSequentially(SuiteRunner.java:450)
at org.testng.SuiteRunner.privateRun(SuiteRunner.java:415)
at org.testng.SuiteRunner.run(SuiteRunner.java:364)
at org.testng.SuiteRunnerWorker.runSuite(SuiteRunnerWorker.java:52)
at org.testng.SuiteRunnerWorker.run(SuiteRunnerWorker.java:84)
at org.testng.TestNG.runSuitesSequentially(TestNG.java:1208)
at org.testng.TestNG.runSuitesLocally(TestNG.java:1137)
at org.testng.TestNG.runSuites(TestNG.java:1049)
at org.testng.TestNG.run(TestNG.java:1017)
at com.intellij.rt.testng.IDEARemoteTestNG.run(IDEARemoteTestNG.java:66)
at com.intellij.rt.testng.RemoteTestNGStarter.main(RemoteTestNGStarter.java:109)
]]>
            </full-stacktrace>
          </exception> <!-- java.lang.AssertionError -->
          <reporter-output>
          </reporter-output>
        </test-method> <!-- mailServicesOptionsPrices -->
        <test-method is-config="true" signature="takeScreenShotOnFailure(org.testng.ITestResult)[pri:0, instance:com.usps.tests.PostageCalculatorTest@6dde5c8c]" started-at="2021-04-01T15:12:13Z" name="takeScreenShotOnFailure" finished-at="2021-04-01T15:12:14Z" duration-ms="613" status="PASS">
          <params>
            <param index="0">
              <value>
                <![CDATA[[TestResult name=mailServicesOptionsPrices status=FAILURE method=PostageCalculatorTest.mailServicesOptionsPrices()[pri:0, instance:com.usps.tests.PostageCalculatorTest@6dde5c8c] output={null}]]]>
              </value>
            </param>
          </params>
          <reporter-output>
          </reporter-output>
        </test-method> <!-- takeScreenShotOnFailure -->
        <test-method is-config="true" signature="quitBrowser()[pri:0, instance:com.usps.tests.PostageCalculatorTest@6dde5c8c]" started-at="2021-04-01T15:12:14Z" name="quitBrowser" finished-at="2021-04-01T15:12:14Z" duration-ms="103" status="PASS">
          <reporter-output>
          </reporter-output>
        </test-method> <!-- quitBrowser -->
      </class> <!-- com.usps.tests.PostageCalculatorTest -->
    </test> <!-- package-size-large-chrome -->
    <test started-at="2021-04-01T15:12:14Z" name="package-size-large-safari" finished-at="2021-04-01T15:12:20Z" duration-ms="5975">
      <class name="com.usps.tests.PostageCalculatorTest">
        <test-method is-config="true" signature="setup(java.lang.String)[pri:0, instance:com.usps.tests.PostageCalculatorTest@587c290d]" started-at="2021-04-01T15:12:14Z" name="setup" finished-at="2021-04-01T15:12:15Z" duration-ms="927" status="PASS">
          <params>
            <param index="0">
              <value>
                <![CDATA[safari]]>
              </value>
            </param>
          </params>
          <reporter-output>
          </reporter-output>
        </test-method> <!-- setup -->
        <test-method is-config="true" signature="setupParameters(java.lang.String, java.lang.String, java.lang.String)[pri:0, instance:com.usps.tests.PostageCalculatorTest@587c290d]" started-at="2021-04-01T15:12:15Z" name="setupParameters" finished-at="2021-04-01T15:12:15Z" depends-on-methods="com.tests.BaseTest.setup" duration-ms="0" status="PASS">
          <params>
            <param index="0">
              <value>
                <![CDATA[28]]>
              </value>
            </param>
            <param index="1">
              <value>
                <![CDATA[15]]>
              </value>
            </param>
            <param index="2">
              <value>
                <![CDATA[16]]>
              </value>
            </param>
          </params>
          <reporter-output>
          </reporter-output>
        </test-method> <!-- setupParameters -->
        <test-method signature="destinationPackagePage()[pri:0, instance:com.usps.tests.PostageCalculatorTest@587c290d]" started-at="2021-04-01T15:12:15Z" name="destinationPackagePage" finished-at="2021-04-01T15:12:17Z" duration-ms="2021" status="PASS">
          <reporter-output>
          </reporter-output>
        </test-method> <!-- destinationPackagePage -->
        <test-method is-config="true" signature="takeScreenShotOnFailure(org.testng.ITestResult)[pri:0, instance:com.usps.tests.PostageCalculatorTest@587c290d]" started-at="2021-04-01T15:12:17Z" name="takeScreenShotOnFailure" finished-at="2021-04-01T15:12:17Z" duration-ms="0" status="PASS">
          <params>
            <param index="0">
              <value>
                <![CDATA[[TestResult name=destinationPackagePage status=SUCCESS method=PostageCalculatorTest.destinationPackagePage()[pri:0, instance:com.usps.tests.PostageCalculatorTest@587c290d] output={null}]]]>
              </value>
            </param>
          </params>
          <reporter-output>
          </reporter-output>
        </test-method> <!-- takeScreenShotOnFailure -->
        <test-method signature="packageWeightPage()[pri:0, instance:com.usps.tests.PostageCalculatorTest@587c290d]" started-at="2021-04-01T15:12:17Z" name="packageWeightPage" finished-at="2021-04-01T15:12:18Z" depends-on-methods="com.usps.tests.PostageCalculatorTest.destinationPackagePage" duration-ms="861" status="PASS">
          <reporter-output>
          </reporter-output>
        </test-method> <!-- packageWeightPage -->
        <test-method signature="packagePropertiesPage()[pri:0, instance:com.usps.tests.PostageCalculatorTest@587c290d]" started-at="2021-04-01T15:12:18Z" name="packagePropertiesPage" finished-at="2021-04-01T15:12:18Z" depends-on-methods="com.usps.tests.PostageCalculatorTest.packageWeightPage" duration-ms="844" status="PASS">
          <reporter-output>
          </reporter-output>
        </test-method> <!-- packagePropertiesPage -->
        <test-method is-config="true" signature="takeScreenShotOnFailure(org.testng.ITestResult)[pri:0, instance:com.usps.tests.PostageCalculatorTest@587c290d]" started-at="2021-04-01T15:12:18Z" name="takeScreenShotOnFailure" finished-at="2021-04-01T15:12:18Z" duration-ms="0" status="PASS">
          <params>
            <param index="0">
              <value>
                <![CDATA[[TestResult name=packageWeightPage status=SUCCESS method=PostageCalculatorTest.packageWeightPage()[pri:0, instance:com.usps.tests.PostageCalculatorTest@587c290d] output={null}]]]>
              </value>
            </param>
          </params>
          <reporter-output>
          </reporter-output>
        </test-method> <!-- takeScreenShotOnFailure -->
        <test-method is-config="true" signature="takeScreenShotOnFailure(org.testng.ITestResult)[pri:0, instance:com.usps.tests.PostageCalculatorTest@587c290d]" started-at="2021-04-01T15:12:18Z" name="takeScreenShotOnFailure" finished-at="2021-04-01T15:12:18Z" duration-ms="0" status="PASS">
          <params>
            <param index="0">
              <value>
                <![CDATA[[TestResult name=packagePropertiesPage status=SUCCESS method=PostageCalculatorTest.packagePropertiesPage()[pri:0, instance:com.usps.tests.PostageCalculatorTest@587c290d] output={null}]]]>
              </value>
            </param>
          </params>
          <reporter-output>
          </reporter-output>
        </test-method> <!-- takeScreenShotOnFailure -->
        <test-method signature="mailServicesOptionsPrices()[pri:0, instance:com.usps.tests.PostageCalculatorTest@587c290d]" started-at="2021-04-01T15:12:18Z" name="mailServicesOptionsPrices" finished-at="2021-04-01T15:12:19Z" depends-on-methods="com.usps.tests.PostageCalculatorTest.packagePropertiesPage" duration-ms="1069" status="FAIL">
          <exception class="java.lang.AssertionError">
            <message>
              <![CDATA[expected [true] but found [false]]]>
            </message>
            <full-stacktrace>
              <![CDATA[java.lang.AssertionError: expected [true] but found [false]
at org.testng.Assert.fail(Assert.java:96)
at org.testng.Assert.failNotEquals(Assert.java:776)
at org.testng.Assert.assertTrue(Assert.java:44)
at org.testng.Assert.assertTrue(Assert.java:54)
at com.usps.tests.PostageCalculatorTest.mailServicesOptionsPrices(PostageCalculatorTest.java:58)
at java.base/jdk.internal.reflect.NativeMethodAccessorImpl.invoke0(Native Method)
at java.base/jdk.internal.reflect.NativeMethodAccessorImpl.invoke(NativeMethodAccessorImpl.java:62)
at java.base/jdk.internal.reflect.DelegatingMethodAccessorImpl.invoke(DelegatingMethodAccessorImpl.java:43)
at java.base/java.lang.reflect.Method.invoke(Method.java:564)
at org.testng.internal.MethodInvocationHelper.invokeMethod(MethodInvocationHelper.java:124)
at org.testng.internal.Invoker.invokeMethod(Invoker.java:583)
at org.testng.internal.Invoker.invokeTestMethod(Invoker.java:719)
at org.testng.internal.Invoker.invokeTestMethods(Invoker.java:989)
at org.testng.internal.TestMethodWorker.invokeTestMethods(TestMethodWorker.java:125)
at org.testng.internal.TestMethodWorker.run(TestMethodWorker.java:109)
at org.testng.TestRunner.privateRun(TestRunner.java:648)
at org.testng.TestRunner.run(TestRunner.java:505)
at org.testng.SuiteRunner.runTest(SuiteRunner.java:455)
at org.testng.SuiteRunner.runSequentially(SuiteRunner.java:450)
at org.testng.SuiteRunner.privateRun(SuiteRunner.java:415)
at org.testng.SuiteRunner.run(SuiteRunner.java:364)
at org.testng.SuiteRunnerWorker.runSuite(SuiteRunnerWorker.java:52)
at org.testng.SuiteRunnerWorker.run(SuiteRunnerWorker.java:84)
at org.testng.TestNG.runSuitesSequentially(TestNG.java:1208)
at org.testng.TestNG.runSuitesLocally(TestNG.java:1137)
at org.testng.TestNG.runSuites(TestNG.java:1049)
at org.testng.TestNG.run(TestNG.java:1017)
at com.intellij.rt.testng.IDEARemoteTestNG.run(IDEARemoteTestNG.java:66)
at com.intellij.rt.testng.RemoteTestNGStarter.main(RemoteTestNGStarter.java:109)
]]>
            </full-stacktrace>
          </exception> <!-- java.lang.AssertionError -->
          <reporter-output>
          </reporter-output>
        </test-method> <!-- mailServicesOptionsPrices -->
        <test-method is-config="true" signature="takeScreenShotOnFailure(org.testng.ITestResult)[pri:0, instance:com.usps.tests.PostageCalculatorTest@587c290d]" started-at="2021-04-01T15:12:19Z" name="takeScreenShotOnFailure" finished-at="2021-04-01T15:12:20Z" duration-ms="190" status="PASS">
          <params>
            <param index="0">
              <value>
                <![CDATA[[TestResult name=mailServicesOptionsPrices status=FAILURE method=PostageCalculatorTest.mailServicesOptionsPrices()[pri:0, instance:com.usps.tests.PostageCalculatorTest@587c290d] output={null}]]]>
              </value>
            </param>
          </params>
          <reporter-output>
          </reporter-output>
        </test-method> <!-- takeScreenShotOnFailure -->
        <test-method is-config="true" signature="quitBrowser()[pri:0, instance:com.usps.tests.PostageCalculatorTest@587c290d]" started-at="2021-04-01T15:12:20Z" name="quitBrowser" finished-at="2021-04-01T15:12:20Z" duration-ms="59" status="PASS">
          <reporter-output>
          </reporter-output>
        </test-method> <!-- quitBrowser -->
      </class> <!-- com.usps.tests.PostageCalculatorTest -->
    </test> <!-- package-size-large-safari -->
    <test started-at="2021-04-01T15:12:20Z" name="package-size-small-safari" finished-at="2021-04-01T15:12:25Z" duration-ms="4876">
      <class name="com.usps.tests.PostageCalculatorTest">
        <test-method is-config="true" signature="setup(java.lang.String)[pri:0, instance:com.usps.tests.PostageCalculatorTest@768b970c]" started-at="2021-04-01T15:12:20Z" name="setup" finished-at="2021-04-01T15:12:20Z" duration-ms="752" status="PASS">
          <params>
            <param index="0">
              <value>
                <![CDATA[safari]]>
              </value>
            </param>
          </params>
          <reporter-output>
          </reporter-output>
        </test-method> <!-- setup -->
        <test-method is-config="true" signature="setupParameters(java.lang.String, java.lang.String, java.lang.String)[pri:0, instance:com.usps.tests.PostageCalculatorTest@768b970c]" started-at="2021-04-01T15:12:20Z" name="setupParameters" finished-at="2021-04-01T15:12:20Z" depends-on-methods="com.tests.BaseTest.setup" duration-ms="1" status="PASS">
          <params>
            <param index="0">
              <value>
                <![CDATA[16]]>
              </value>
            </param>
            <param index="1">
              <value>
                <![CDATA[12]]>
              </value>
            </param>
            <param index="2">
              <value>
                <![CDATA[12]]>
              </value>
            </param>
          </params>
          <reporter-output>
          </reporter-output>
        </test-method> <!-- setupParameters -->
        <test-method signature="destinationPackagePage()[pri:0, instance:com.usps.tests.PostageCalculatorTest@768b970c]" started-at="2021-04-01T15:12:20Z" name="destinationPackagePage" finished-at="2021-04-01T15:12:22Z" duration-ms="1174" status="PASS">
          <reporter-output>
          </reporter-output>
        </test-method> <!-- destinationPackagePage -->
        <test-method signature="packageWeightPage()[pri:0, instance:com.usps.tests.PostageCalculatorTest@768b970c]" started-at="2021-04-01T15:12:22Z" name="packageWeightPage" finished-at="2021-04-01T15:12:23Z" depends-on-methods="com.usps.tests.PostageCalculatorTest.destinationPackagePage" duration-ms="1071" status="PASS">
          <reporter-output>
          </reporter-output>
        </test-method> <!-- packageWeightPage -->
        <test-method is-config="true" signature="takeScreenShotOnFailure(org.testng.ITestResult)[pri:0, instance:com.usps.tests.PostageCalculatorTest@768b970c]" started-at="2021-04-01T15:12:22Z" name="takeScreenShotOnFailure" finished-at="2021-04-01T15:12:22Z" duration-ms="0" status="PASS">
          <params>
            <param index="0">
              <value>
                <![CDATA[[TestResult name=destinationPackagePage status=SUCCESS method=PostageCalculatorTest.destinationPackagePage()[pri:0, instance:com.usps.tests.PostageCalculatorTest@768b970c] output={null}]]]>
              </value>
            </param>
          </params>
          <reporter-output>
          </reporter-output>
        </test-method> <!-- takeScreenShotOnFailure -->
        <test-method is-config="true" signature="takeScreenShotOnFailure(org.testng.ITestResult)[pri:0, instance:com.usps.tests.PostageCalculatorTest@768b970c]" started-at="2021-04-01T15:12:23Z" name="takeScreenShotOnFailure" finished-at="2021-04-01T15:12:23Z" duration-ms="0" status="PASS">
          <params>
            <param index="0">
              <value>
                <![CDATA[[TestResult name=packageWeightPage status=SUCCESS method=PostageCalculatorTest.packageWeightPage()[pri:0, instance:com.usps.tests.PostageCalculatorTest@768b970c] output={null}]]]>
              </value>
            </param>
          </params>
          <reporter-output>
          </reporter-output>
        </test-method> <!-- takeScreenShotOnFailure -->
        <test-method signature="packagePropertiesPage()[pri:0, instance:com.usps.tests.PostageCalculatorTest@768b970c]" started-at="2021-04-01T15:12:23Z" name="packagePropertiesPage" finished-at="2021-04-01T15:12:23Z" depends-on-methods="com.usps.tests.PostageCalculatorTest.packageWeightPage" duration-ms="747" status="PASS">
          <reporter-output>
          </reporter-output>
        </test-method> <!-- packagePropertiesPage -->
        <test-method is-config="true" signature="takeScreenShotOnFailure(org.testng.ITestResult)[pri:0, instance:com.usps.tests.PostageCalculatorTest@768b970c]" started-at="2021-04-01T15:12:23Z" name="takeScreenShotOnFailure" finished-at="2021-04-01T15:12:23Z" duration-ms="0" status="PASS">
          <params>
            <param index="0">
              <value>
                <![CDATA[[TestResult name=packagePropertiesPage status=SUCCESS method=PostageCalculatorTest.packagePropertiesPage()[pri:0, instance:com.usps.tests.PostageCalculatorTest@768b970c] output={null}]]]>
              </value>
            </param>
          </params>
          <reporter-output>
          </reporter-output>
        </test-method> <!-- takeScreenShotOnFailure -->
        <test-method signature="mailServicesOptionsPrices()[pri:0, instance:com.usps.tests.PostageCalculatorTest@768b970c]" started-at="2021-04-01T15:12:23Z" name="mailServicesOptionsPrices" finished-at="2021-04-01T15:12:25Z" depends-on-methods="com.usps.tests.PostageCalculatorTest.packagePropertiesPage" duration-ms="1069" status="PASS">
          <reporter-output>
          </reporter-output>
        </test-method> <!-- mailServicesOptionsPrices -->
        <test-method is-config="true" signature="quitBrowser()[pri:0, instance:com.usps.tests.PostageCalculatorTest@768b970c]" started-at="2021-04-01T15:12:25Z" name="quitBrowser" finished-at="2021-04-01T15:12:25Z" duration-ms="60" status="PASS">
          <reporter-output>
          </reporter-output>
        </test-method> <!-- quitBrowser -->
        <test-method is-config="true" signature="takeScreenShotOnFailure(org.testng.ITestResult)[pri:0, instance:com.usps.tests.PostageCalculatorTest@768b970c]" started-at="2021-04-01T15:12:25Z" name="takeScreenShotOnFailure" finished-at="2021-04-01T15:12:25Z" duration-ms="0" status="PASS">
          <params>
            <param index="0">
              <value>
                <![CDATA[[TestResult name=mailServicesOptionsPrices status=SUCCESS method=PostageCalculatorTest.mailServicesOptionsPrices()[pri:0, instance:com.usps.tests.PostageCalculatorTest@768b970c] output={null}]]]>
              </value>
            </param>
          </params>
          <reporter-output>
          </reporter-output>
        </test-method> <!-- takeScreenShotOnFailure -->
      </class> <!-- com.usps.tests.PostageCalculatorTest -->
    </test> <!-- package-size-small-safari -->
    <test started-at="2021-04-01T15:12:25Z" name="package-size-medium-safari" finished-at="2021-04-01T15:12:30Z" duration-ms="5398">
      <class name="com.usps.tests.PostageCalculatorTest">
        <test-method is-config="true" signature="setup(java.lang.String)[pri:0, instance:com.usps.tests.PostageCalculatorTest@7dc222ae]" started-at="2021-04-01T15:12:25Z" name="setup" finished-at="2021-04-01T15:12:25Z" duration-ms="723" status="PASS">
          <params>
            <param index="0">
              <value>
                <![CDATA[safari]]>
              </value>
            </param>
          </params>
          <reporter-output>
          </reporter-output>
        </test-method> <!-- setup -->
        <test-method is-config="true" signature="setupParameters(java.lang.String, java.lang.String, java.lang.String)[pri:0, instance:com.usps.tests.PostageCalculatorTest@7dc222ae]" started-at="2021-04-01T15:12:25Z" name="setupParameters" finished-at="2021-04-01T15:12:25Z" depends-on-methods="com.tests.BaseTest.setup" duration-ms="0" status="PASS">
          <params>
            <param index="0">
              <value>
                <![CDATA[22]]>
              </value>
            </param>
            <param index="1">
              <value>
                <![CDATA[16]]>
              </value>
            </param>
            <param index="2">
              <value>
                <![CDATA[15]]>
              </value>
            </param>
          </params>
          <reporter-output>
          </reporter-output>
        </test-method> <!-- setupParameters -->
        <test-method signature="destinationPackagePage()[pri:0, instance:com.usps.tests.PostageCalculatorTest@7dc222ae]" started-at="2021-04-01T15:12:25Z" name="destinationPackagePage" finished-at="2021-04-01T15:12:27Z" duration-ms="2074" status="PASS">
          <reporter-output>
          </reporter-output>
        </test-method> <!-- destinationPackagePage -->
        <test-method is-config="true" signature="takeScreenShotOnFailure(org.testng.ITestResult)[pri:0, instance:com.usps.tests.PostageCalculatorTest@7dc222ae]" started-at="2021-04-01T15:12:27Z" name="takeScreenShotOnFailure" finished-at="2021-04-01T15:12:27Z" duration-ms="0" status="PASS">
          <params>
            <param index="0">
              <value>
                <![CDATA[[TestResult name=destinationPackagePage status=SUCCESS method=PostageCalculatorTest.destinationPackagePage()[pri:0, instance:com.usps.tests.PostageCalculatorTest@7dc222ae] output={null}]]]>
              </value>
            </param>
          </params>
          <reporter-output>
          </reporter-output>
        </test-method> <!-- takeScreenShotOnFailure -->
        <test-method signature="packageWeightPage()[pri:0, instance:com.usps.tests.PostageCalculatorTest@7dc222ae]" started-at="2021-04-01T15:12:27Z" name="packageWeightPage" finished-at="2021-04-01T15:12:28Z" depends-on-methods="com.usps.tests.PostageCalculatorTest.destinationPackagePage" duration-ms="657" status="PASS">
          <reporter-output>
          </reporter-output>
        </test-method> <!-- packageWeightPage -->
        <test-method is-config="true" signature="takeScreenShotOnFailure(org.testng.ITestResult)[pri:0, instance:com.usps.tests.PostageCalculatorTest@7dc222ae]" started-at="2021-04-01T15:12:28Z" name="takeScreenShotOnFailure" finished-at="2021-04-01T15:12:28Z" duration-ms="0" status="PASS">
          <params>
            <param index="0">
              <value>
                <![CDATA[[TestResult name=packageWeightPage status=SUCCESS method=PostageCalculatorTest.packageWeightPage()[pri:0, instance:com.usps.tests.PostageCalculatorTest@7dc222ae] output={null}]]]>
              </value>
            </param>
          </params>
          <reporter-output>
          </reporter-output>
        </test-method> <!-- takeScreenShotOnFailure -->
        <test-method signature="packagePropertiesPage()[pri:0, instance:com.usps.tests.PostageCalculatorTest@7dc222ae]" started-at="2021-04-01T15:12:28Z" name="packagePropertiesPage" finished-at="2021-04-01T15:12:29Z" depends-on-methods="com.usps.tests.PostageCalculatorTest.packageWeightPage" duration-ms="803" status="PASS">
          <reporter-output>
          </reporter-output>
        </test-method> <!-- packagePropertiesPage -->
        <test-method is-config="true" signature="takeScreenShotOnFailure(org.testng.ITestResult)[pri:0, instance:com.usps.tests.PostageCalculatorTest@7dc222ae]" started-at="2021-04-01T15:12:29Z" name="takeScreenShotOnFailure" finished-at="2021-04-01T15:12:29Z" duration-ms="0" status="PASS">
          <params>
            <param index="0">
              <value>
                <![CDATA[[TestResult name=packagePropertiesPage status=SUCCESS method=PostageCalculatorTest.packagePropertiesPage()[pri:0, instance:com.usps.tests.PostageCalculatorTest@7dc222ae] output={null}]]]>
              </value>
            </param>
          </params>
          <reporter-output>
          </reporter-output>
        </test-method> <!-- takeScreenShotOnFailure -->
        <test-method signature="mailServicesOptionsPrices()[pri:0, instance:com.usps.tests.PostageCalculatorTest@7dc222ae]" started-at="2021-04-01T15:12:29Z" name="mailServicesOptionsPrices" finished-at="2021-04-01T15:12:30Z" depends-on-methods="com.usps.tests.PostageCalculatorTest.packagePropertiesPage" duration-ms="1079" status="PASS">
          <reporter-output>
          </reporter-output>
        </test-method> <!-- mailServicesOptionsPrices -->
        <test-method is-config="true" signature="takeScreenShotOnFailure(org.testng.ITestResult)[pri:0, instance:com.usps.tests.PostageCalculatorTest@7dc222ae]" started-at="2021-04-01T15:12:30Z" name="takeScreenShotOnFailure" finished-at="2021-04-01T15:12:30Z" duration-ms="1" status="PASS">
          <params>
            <param index="0">
              <value>
                <![CDATA[[TestResult name=mailServicesOptionsPrices status=SUCCESS method=PostageCalculatorTest.mailServicesOptionsPrices()[pri:0, instance:com.usps.tests.PostageCalculatorTest@7dc222ae] output={null}]]]>
              </value>
            </param>
          </params>
          <reporter-output>
          </reporter-output>
        </test-method> <!-- takeScreenShotOnFailure -->
        <test-method is-config="true" signature="quitBrowser()[pri:0, instance:com.usps.tests.PostageCalculatorTest@7dc222ae]" started-at="2021-04-01T15:12:30Z" name="quitBrowser" finished-at="2021-04-01T15:12:30Z" duration-ms="58" status="PASS">
          <reporter-output>
          </reporter-output>
        </test-method> <!-- quitBrowser -->
      </class> <!-- com.usps.tests.PostageCalculatorTest -->
    </test> <!-- package-size-medium-safari -->
  </suite> <!-- postage-calculator-module -->
</testng-results>
