<?xml version="1.0" encoding="UTF-8"?>
<!-- Generated by org.testng.reporters.JUnitXMLReporter -->
<testsuite ignored="0" hostname="Vals-MacBook-Pro.local" failures="0" tests="4" name="package-size-medium-safari" time="8.783" errors="0" timestamp="29 Mar 2021 08:49:41 GMT">
  <testcase classname="com.usps.tests.PostageCalculatorTest" name="destinationPackagePage" time="4.397"/>
  <testcase classname="com.usps.tests.PostageCalculatorTest" name="packageWeightPage" time="1.05"/>
  <testcase classname="com.usps.tests.PostageCalculatorTest" name="packagePropertiesPage" time="1.35"/>
  <testcase classname="com.usps.tests.PostageCalculatorTest" name="mailServicesOptionsPrices" time="1.162"/>
</testsuite> <!-- package-size-medium-safari -->
