<?xml version="1.0" encoding="UTF-8"?>
<!-- Generated by org.testng.reporters.JUnitXMLReporter -->
<testsuite ignored="0" hostname="Vals-MacBook-Pro.local" failures="0" tests="4" name="package-size-small-chrome" time="6.489" errors="0" timestamp="29 Mar 2021 08:48:52 GMT">
  <testcase classname="com.usps.tests.PostageCalculatorTest" name="destinationPackagePage" time="2.492"/>
  <testcase classname="com.usps.tests.PostageCalculatorTest" name="packageWeightPage" time="0.801"/>
  <testcase classname="com.usps.tests.PostageCalculatorTest" name="packagePropertiesPage" time="0.868"/>
  <testcase classname="com.usps.tests.PostageCalculatorTest" name="mailServicesOptionsPrices" time="0.606"/>
</testsuite> <!-- package-size-small-chrome -->
