<?xml version="1.0" encoding="UTF-8"?>
<!-- Generated by org.testng.reporters.JUnitXMLReporter -->
<testsuite ignored="0" hostname="Vals-MacBook-Pro.local" failures="1" tests="4" name="package-size-large-chrome" time="7.85" errors="0" timestamp="29 Mar 2021 08:49:06 GMT">
  <testcase classname="com.usps.tests.PostageCalculatorTest" name="destinationPackagePage" time="2.929"/>
  <testcase classname="com.usps.tests.PostageCalculatorTest" name="packageWeightPage" time="1.57"/>
  <testcase classname="com.usps.tests.PostageCalculatorTest" name="packagePropertiesPage" time="0.87"/>
  <testcase classname="com.usps.tests.PostageCalculatorTest" name="mailServicesOptionsPrices" time="0.592">
    <failure type="java.lang.AssertionError" message="expected [true] but found [false]">
      <![CDATA[java.lang.AssertionError: expected [true] but found [false]
at com.usps.tests.PostageCalculatorTest.mailServicesOptionsPrices(PostageCalculatorTest.java:58)
at com.intellij.rt.testng.IDEARemoteTestNG.run(IDEARemoteTestNG.java:66)
at com.intellij.rt.testng.RemoteTestNGStarter.main(RemoteTestNGStarter.java:109)
... Removed 26 stack frames]]>
    </failure>
  </testcase> <!-- mailServicesOptionsPrices -->
</testsuite> <!-- package-size-large-chrome -->
