<?xml version="1.0" encoding="UTF-8"?>
<!-- Generated by org.testng.reporters.JUnitXMLReporter -->
<testsuite ignored="0" hostname="Vals-MacBook-Pro.local" failures="0" tests="4" name="package-size-small-safari" time="4.876" errors="0" timestamp="01 Apr 2021 15:12:25 GMT">
  <testcase classname="com.usps.tests.PostageCalculatorTest" name="destinationPackagePage" time="1.174"/>
  <testcase classname="com.usps.tests.PostageCalculatorTest" name="packageWeightPage" time="1.071"/>
  <testcase classname="com.usps.tests.PostageCalculatorTest" name="packagePropertiesPage" time="0.747"/>
  <testcase classname="com.usps.tests.PostageCalculatorTest" name="mailServicesOptionsPrices" time="1.069"/>
</testsuite> <!-- package-size-small-safari -->
