<?xml version="1.0" encoding="UTF-8"?>
<!-- Generated by org.testng.reporters.JUnitXMLReporter -->
<testsuite ignored="0" hostname="Vals-MacBook-Pro.local" failures="0" tests="4" name="package-size-medium-safari" time="5.398" errors="0" timestamp="01 Apr 2021 15:12:30 GMT">
  <testcase classname="com.usps.tests.PostageCalculatorTest" name="destinationPackagePage" time="2.074"/>
  <testcase classname="com.usps.tests.PostageCalculatorTest" name="packageWeightPage" time="0.657"/>
  <testcase classname="com.usps.tests.PostageCalculatorTest" name="packagePropertiesPage" time="0.803"/>
  <testcase classname="com.usps.tests.PostageCalculatorTest" name="mailServicesOptionsPrices" time="1.079"/>
</testsuite> <!-- package-size-medium-safari -->
