<?xml version="1.0" encoding="UTF-8"?>
<!-- Generated by org.testng.reporters.JUnitXMLReporter -->
<testsuite ignored="0" hostname="Vals-MacBook-Pro.local" failures="0" tests="4" name="package-size-small-safari" time="18.31" errors="0" timestamp="29 Mar 2021 08:49:33 GMT">
  <testcase classname="com.usps.tests.PostageCalculatorTest" name="destinationPackagePage" time="8.498"/>
  <testcase classname="com.usps.tests.PostageCalculatorTest" name="packageWeightPage" time="6.189"/>
  <testcase classname="com.usps.tests.PostageCalculatorTest" name="packagePropertiesPage" time="1.696"/>
  <testcase classname="com.usps.tests.PostageCalculatorTest" name="mailServicesOptionsPrices" time="1.157"/>
</testsuite> <!-- package-size-small-safari -->
