<?xml version="1.0" encoding="UTF-8"?>
<!-- Generated by org.testng.reporters.JUnitXMLReporter -->
<testsuite ignored="0" hostname="Vals-MacBook-Pro.local" failures="0" tests="4" name="package-size-small-chrome" time="5.582" errors="0" timestamp="01 Apr 2021 15:12:02 GMT">
  <testcase classname="com.usps.tests.PostageCalculatorTest" name="destinationPackagePage" time="1.841"/>
  <testcase classname="com.usps.tests.PostageCalculatorTest" name="packageWeightPage" time="0.638"/>
  <testcase classname="com.usps.tests.PostageCalculatorTest" name="packagePropertiesPage" time="0.917"/>
  <testcase classname="com.usps.tests.PostageCalculatorTest" name="mailServicesOptionsPrices" time="0.638"/>
</testsuite> <!-- package-size-small-chrome -->
